<?xml version="1.0" encoding="utf-8"?>
<shfbBuild product="Sandcastle Help File Builder" version="1.9.4.0" projectFile="C:\DMBDeveloperShare\CommonComponents\New wrapper\DataHandler.shfbproj" started="17/03/2014 11:12:02">
<buildStep step="Initializing">
</buildStep>
<buildStep step="FindingTools">
Finding tools...
Found Sandcastle tools in &#39;C:\Program Files\Sandcastle\&#39;
Searching for HTML Help 1 compiler...
Found HTML Help 1 compiler in &#39;C:\Program Files\HTML Help Workshop\&#39;
</buildStep>
<buildStep step="ValidatingDocumentationSources">
Validating and copying documentation source information
Source: C:\DMBDeveloperShare\CommonComponents\New wrapper\bin\Debug\New Wrapper.dll
    Found assembly &#39;C:\DMBDeveloperShare\CommonComponents\New wrapper\bin\Debug\New Wrapper.dll&#39;
Source: C:\DMBDeveloperShare\CommonComponents\New wrapper\bin\Debug\New Wrapper.xml

References to use:
    C:\DMBDeveloperShare\CommonComponents\New wrapper\bin\Debug\New Wrapper.dll

Copying XML comments files
    C:\DMBDeveloperShare\CommonComponents\New wrapper\bin\Debug\New Wrapper.XML -&gt; C:\DMBDeveloperShare\CommonComponents\New wrapper\Help\Working\New Wrapper.XML
</buildStep>
<buildStep step="GenerateSharedContent">
Generating shared content files (en-US, English (United States))...
    Last step completed in 00:00:00.0469
</buildStep>
<buildStep step="GenerateApiFilter">
Generating API filter for MRefBuilder...
    Last step completed in 00:00:00.0000
</buildStep>
<buildStep step="GenerateReflectionInfo">
Generating reflection information...
[c:\WINDOWS\Microsoft.NET\Framework\v4.0.30319\MSBuild.exe]
  MRefBuilder (v2.7.0.0)
  Copyright &#184; 2006-2012, Microsoft Corporation, All Rights Reserved
  Info: Loaded 1 assemblies for reflection and 2 dependency assemblies.
  Info: Wrote information on 1 namespaces, 2 types, and 27 members
  XslTransform (v2.7.0.0)
  Copyright &#184; 2006-2012, Microsoft Corporation, All Rights Reserved
  Info: Applying XSL transformation &#39;C:\Program Files\Sandcastle\ProductionTransforms\MergeDuplicates.xsl&#39;.
    Last step completed in 00:00:01.0313
</buildStep>
<buildStep step="GenerateNamespaceSummaries">
Generating namespace summary information...
    Last step completed in 00:00:00.0000
</buildStep>
<buildStep step="ApplyVisibilityProperties">
Applying visibility properties to reflection information file
    0 attribute nodes removed
    0 explicit interface implementations removed
    0 local and base class EII elements removed
    Last step completed in 00:00:00.0313
</buildStep>
<buildStep step="TransformReflectionInfo">
Transforming reflection output...
[c:\WINDOWS\Microsoft.NET\Framework\v4.0.30319\MSBuild.exe]
  XslTransform (v2.7.0.0)
  Copyright &#184; 2006-2012, Microsoft Corporation, All Rights Reserved
  Info: Applying XSL transformation &#39;C:\Program Files\Sandcastle\ProductionTransforms\ApplyVSDocModel.xsl&#39;.
  Info: Applying XSL transformation &#39;C:\Program Files\Sandcastle\ProductionTransforms\AddGuidFilenames.xsl&#39;.
  XslTransform (v2.7.0.0)
  Copyright &#184; 2006-2012, Microsoft Corporation, All Rights Reserved
  Info: Applying XSL transformation &#39;C:\Program Files\Sandcastle\ProductionTransforms\ReflectionToManifest.xsl&#39;.
    Last step completed in 00:00:01.0625
</buildStep>
<buildStep step="ModifyHelpTopicFilenames">
Modifying help topic filenames in reflection information file
    No changes required
    Last step completed in 00:00:00.0156
</buildStep>
<buildStep step="CopyStandardContent">
Copying standard help content...
C:\Program Files\Sandcastle\Presentation\vs2005\icons\adm.gif -&gt; C:\DMBDeveloperShare\CommonComponents\New wrapper\Help\Working\Output\HtmlHelp1\icons\adm.gif
C:\Program Files\Sandcastle\Presentation\vs2005\icons\adm_arch.gif -&gt; C:\DMBDeveloperShare\CommonComponents\New wrapper\Help\Working\Output\HtmlHelp1\icons\adm_arch.gif
C:\Program Files\Sandcastle\Presentation\vs2005\icons\adm_dev.gif -&gt; C:\DMBDeveloperShare\CommonComponents\New wrapper\Help\Working\Output\HtmlHelp1\icons\adm_dev.gif
C:\Program Files\Sandcastle\Presentation\vs2005\icons\adm_dev_arch.gif -&gt; C:\DMBDeveloperShare\CommonComponents\New wrapper\Help\Working\Output\HtmlHelp1\icons\adm_dev_arch.gif
C:\Program Files\Sandcastle\Presentation\vs2005\icons\alert_caution.gif -&gt; C:\DMBDeveloperShare\CommonComponents\New wrapper\Help\Working\Output\HtmlHelp1\icons\alert_caution.gif
C:\Program Files\Sandcastle\Presentation\vs2005\icons\alert_note.gif -&gt; C:\DMBDeveloperShare\CommonComponents\New wrapper\Help\Working\Output\HtmlHelp1\icons\alert_note.gif
C:\Program Files\Sandcastle\Presentation\vs2005\icons\alert_security.gif -&gt; C:\DMBDeveloperShare\CommonComponents\New wrapper\Help\Working\Output\HtmlHelp1\icons\alert_security.gif
C:\Program Files\Sandcastle\Presentation\vs2005\icons\arch.gif -&gt; C:\DMBDeveloperShare\CommonComponents\New wrapper\Help\Working\Output\HtmlHelp1\icons\arch.gif
C:\Program Files\Sandcastle\Presentation\vs2005\icons\big_adm.gif -&gt; C:\DMBDeveloperShare\CommonComponents\New wrapper\Help\Working\Output\HtmlHelp1\icons\big_adm.gif
C:\Program Files\Sandcastle\Presentation\vs2005\icons\big_arch.gif -&gt; C:\DMBDeveloperShare\CommonComponents\New wrapper\Help\Working\Output\HtmlHelp1\icons\big_arch.gif
C:\Program Files\Sandcastle\Presentation\vs2005\icons\big_dev.gif -&gt; C:\DMBDeveloperShare\CommonComponents\New wrapper\Help\Working\Output\HtmlHelp1\icons\big_dev.gif
C:\Program Files\Sandcastle\Presentation\vs2005\icons\big_kw.gif -&gt; C:\DMBDeveloperShare\CommonComponents\New wrapper\Help\Working\Output\HtmlHelp1\icons\big_kw.gif
C:\Program Files\Sandcastle\Presentation\vs2005\icons\box.gif -&gt; C:\DMBDeveloperShare\CommonComponents\New wrapper\Help\Working\Output\HtmlHelp1\icons\box.gif
C:\Program Files\Sandcastle\Presentation\vs2005\icons\Caution.gif -&gt; C:\DMBDeveloperShare\CommonComponents\New wrapper\Help\Working\Output\HtmlHelp1\icons\Caution.gif
C:\Program Files\Sandcastle\Presentation\vs2005\icons\CFW.gif -&gt; C:\DMBDeveloperShare\CommonComponents\New wrapper\Help\Working\Output\HtmlHelp1\icons\CFW.gif
C:\Program Files\Sandcastle\Presentation\vs2005\icons\collall.gif -&gt; C:\DMBDeveloperShare\CommonComponents\New wrapper\Help\Working\Output\HtmlHelp1\icons\collall.gif
C:\Program Files\Sandcastle\Presentation\vs2005\icons\collapse.gif -&gt; C:\DMBDeveloperShare\CommonComponents\New wrapper\Help\Working\Output\HtmlHelp1\icons\collapse.gif
C:\Program Files\Sandcastle\Presentation\vs2005\icons\collapse_all.gif -&gt; C:\DMBDeveloperShare\CommonComponents\New wrapper\Help\Working\Output\HtmlHelp1\icons\collapse_all.gif
C:\Program Files\Sandcastle\Presentation\vs2005\icons\copycode.gif -&gt; C:\DMBDeveloperShare\CommonComponents\New wrapper\Help\Working\Output\HtmlHelp1\icons\copycode.gif
C:\Program Files\Sandcastle\Presentation\vs2005\icons\copycodeHighlight.gif -&gt; C:\DMBDeveloperShare\CommonComponents\New wrapper\Help\Working\Output\HtmlHelp1\icons\copycodeHighlight.gif
C:\Program Files\Sandcastle\Presentation\vs2005\icons\dev.gif -&gt; C:\DMBDeveloperShare\CommonComponents\New wrapper\Help\Working\Output\HtmlHelp1\icons\dev.gif
C:\Program Files\Sandcastle\Presentation\vs2005\icons\dev_arch.gif -&gt; C:\DMBDeveloperShare\CommonComponents\New wrapper\Help\Working\Output\HtmlHelp1\icons\dev_arch.gif
C:\Program Files\Sandcastle\Presentation\vs2005\icons\dropdown.gif -&gt; C:\DMBDeveloperShare\CommonComponents\New wrapper\Help\Working\Output\HtmlHelp1\icons\dropdown.gif
C:\Program Files\Sandcastle\Presentation\vs2005\icons\dropdownHover.gif -&gt; C:\DMBDeveloperShare\CommonComponents\New wrapper\Help\Working\Output\HtmlHelp1\icons\dropdownHover.gif
C:\Program Files\Sandcastle\Presentation\vs2005\icons\drpdown.gif -&gt; C:\DMBDeveloperShare\CommonComponents\New wrapper\Help\Working\Output\HtmlHelp1\icons\drpdown.gif
C:\Program Files\Sandcastle\Presentation\vs2005\icons\drpdown_orange.gif -&gt; C:\DMBDeveloperShare\CommonComponents\New wrapper\Help\Working\Output\HtmlHelp1\icons\drpdown_orange.gif
C:\Program Files\Sandcastle\Presentation\vs2005\icons\drpdown_orange_up.gif -&gt; C:\DMBDeveloperShare\CommonComponents\New wrapper\Help\Working\Output\HtmlHelp1\icons\drpdown_orange_up.gif
C:\Program Files\Sandcastle\Presentation\vs2005\icons\drpup.gif -&gt; C:\DMBDeveloperShare\CommonComponents\New wrapper\Help\Working\Output\HtmlHelp1\icons\drpup.gif
C:\Program Files\Sandcastle\Presentation\vs2005\icons\exp.gif -&gt; C:\DMBDeveloperShare\CommonComponents\New wrapper\Help\Working\Output\HtmlHelp1\icons\exp.gif
C:\Program Files\Sandcastle\Presentation\vs2005\icons\expall.gif -&gt; C:\DMBDeveloperShare\CommonComponents\New wrapper\Help\Working\Output\HtmlHelp1\icons\expall.gif
C:\Program Files\Sandcastle\Presentation\vs2005\icons\expand_all.gif -&gt; C:\DMBDeveloperShare\CommonComponents\New wrapper\Help\Working\Output\HtmlHelp1\icons\expand_all.gif
C:\Program Files\Sandcastle\Presentation\vs2005\icons\filter1a.gif -&gt; C:\DMBDeveloperShare\CommonComponents\New wrapper\Help\Working\Output\HtmlHelp1\icons\filter1a.gif
C:\Program Files\Sandcastle\Presentation\vs2005\icons\filter1c.gif -&gt; C:\DMBDeveloperShare\CommonComponents\New wrapper\Help\Working\Output\HtmlHelp1\icons\filter1c.gif
C:\Program Files\Sandcastle\Presentation\vs2005\icons\footer.gif -&gt; C:\DMBDeveloperShare\CommonComponents\New wrapper\Help\Working\Output\HtmlHelp1\icons\footer.gif
C:\Program Files\Sandcastle\Presentation\vs2005\icons\gradient.gif -&gt; C:\DMBDeveloperShare\CommonComponents\New wrapper\Help\Working\Output\HtmlHelp1\icons\gradient.gif
C:\Program Files\Sandcastle\Presentation\vs2005\icons\greencheck.gif -&gt; C:\DMBDeveloperShare\CommonComponents\New wrapper\Help\Working\Output\HtmlHelp1\icons\greencheck.gif
C:\Program Files\Sandcastle\Presentation\vs2005\icons\greychck.gif -&gt; C:\DMBDeveloperShare\CommonComponents\New wrapper\Help\Working\Output\HtmlHelp1\icons\greychck.gif
C:\Program Files\Sandcastle\Presentation\vs2005\icons\header_prev_next.jpg -&gt; C:\DMBDeveloperShare\CommonComponents\New wrapper\Help\Working\Output\HtmlHelp1\icons\header_prev_next.jpg
C:\Program Files\Sandcastle\Presentation\vs2005\icons\header_sql_tutorial_blank.jpg -&gt; C:\DMBDeveloperShare\CommonComponents\New wrapper\Help\Working\Output\HtmlHelp1\icons\header_sql_tutorial_blank.jpg
C:\Program Files\Sandcastle\Presentation\vs2005\icons\header_sql_tutorial_logo.GIF -&gt; C:\DMBDeveloperShare\CommonComponents\New wrapper\Help\Working\Output\HtmlHelp1\icons\header_sql_tutorial_logo.GIF
C:\Program Files\Sandcastle\Presentation\vs2005\icons\kw.gif -&gt; C:\DMBDeveloperShare\CommonComponents\New wrapper\Help\Working\Output\HtmlHelp1\icons\kw.gif
C:\Program Files\Sandcastle\Presentation\vs2005\icons\kw_adm.gif -&gt; C:\DMBDeveloperShare\CommonComponents\New wrapper\Help\Working\Output\HtmlHelp1\icons\kw_adm.gif
C:\Program Files\Sandcastle\Presentation\vs2005\icons\kw_adm_arch.gif -&gt; C:\DMBDeveloperShare\CommonComponents\New wrapper\Help\Working\Output\HtmlHelp1\icons\kw_adm_arch.gif
C:\Program Files\Sandcastle\Presentation\vs2005\icons\kw_adm_dev.gif -&gt; C:\DMBDeveloperShare\CommonComponents\New wrapper\Help\Working\Output\HtmlHelp1\icons\kw_adm_dev.gif
C:\Program Files\Sandcastle\Presentation\vs2005\icons\kw_adm_dev_arch.gif -&gt; C:\DMBDeveloperShare\CommonComponents\New wrapper\Help\Working\Output\HtmlHelp1\icons\kw_adm_dev_arch.gif
C:\Program Files\Sandcastle\Presentation\vs2005\icons\kw_arch.gif -&gt; C:\DMBDeveloperShare\CommonComponents\New wrapper\Help\Working\Output\HtmlHelp1\icons\kw_arch.gif
C:\Program Files\Sandcastle\Presentation\vs2005\icons\kw_dev.gif -&gt; C:\DMBDeveloperShare\CommonComponents\New wrapper\Help\Working\Output\HtmlHelp1\icons\kw_dev.gif
C:\Program Files\Sandcastle\Presentation\vs2005\icons\kw_dev_arch.gif -&gt; C:\DMBDeveloperShare\CommonComponents\New wrapper\Help\Working\Output\HtmlHelp1\icons\kw_dev_arch.gif
C:\Program Files\Sandcastle\Presentation\vs2005\icons\LastChild.gif -&gt; C:\DMBDeveloperShare\CommonComponents\New wrapper\Help\Working\Output\HtmlHelp1\icons\LastChild.gif
C:\Program Files\Sandcastle\Presentation\vs2005\icons\load.gif -&gt; C:\DMBDeveloperShare\CommonComponents\New wrapper\Help\Working\Output\HtmlHelp1\icons\load.gif
C:\Program Files\Sandcastle\Presentation\vs2005\icons\load_hover.gif -&gt; C:\DMBDeveloperShare\CommonComponents\New wrapper\Help\Working\Output\HtmlHelp1\icons\load_hover.gif
C:\Program Files\Sandcastle\Presentation\vs2005\icons\note.gif -&gt; C:\DMBDeveloperShare\CommonComponents\New wrapper\Help\Working\Output\HtmlHelp1\icons\note.gif
C:\Program Files\Sandcastle\Presentation\vs2005\icons\pencil.GIF -&gt; C:\DMBDeveloperShare\CommonComponents\New wrapper\Help\Working\Output\HtmlHelp1\icons\pencil.GIF
C:\Program Files\Sandcastle\Presentation\vs2005\icons\privclass.gif -&gt; C:\DMBDeveloperShare\CommonComponents\New wrapper\Help\Working\Output\HtmlHelp1\icons\privclass.gif
C:\Program Files\Sandcastle\Presentation\vs2005\icons\privdelegate.gif -&gt; C:\DMBDeveloperShare\CommonComponents\New wrapper\Help\Working\Output\HtmlHelp1\icons\privdelegate.gif
C:\Program Files\Sandcastle\Presentation\vs2005\icons\privenum.gif -&gt; C:\DMBDeveloperShare\CommonComponents\New wrapper\Help\Working\Output\HtmlHelp1\icons\privenum.gif
C:\Program Files\Sandcastle\Presentation\vs2005\icons\privenumeration.gif -&gt; C:\DMBDeveloperShare\CommonComponents\New wrapper\Help\Working\Output\HtmlHelp1\icons\privenumeration.gif
C:\Program Files\Sandcastle\Presentation\vs2005\icons\privevent.gif -&gt; C:\DMBDeveloperShare\CommonComponents\New wrapper\Help\Working\Output\HtmlHelp1\icons\privevent.gif
C:\Program Files\Sandcastle\Presentation\vs2005\icons\privextension.gif -&gt; C:\DMBDeveloperShare\CommonComponents\New wrapper\Help\Working\Output\HtmlHelp1\icons\privextension.gif
C:\Program Files\Sandcastle\Presentation\vs2005\icons\privfield.gif -&gt; C:\DMBDeveloperShare\CommonComponents\New wrapper\Help\Working\Output\HtmlHelp1\icons\privfield.gif
C:\Program Files\Sandcastle\Presentation\vs2005\icons\privinterface.gif -&gt; C:\DMBDeveloperShare\CommonComponents\New wrapper\Help\Working\Output\HtmlHelp1\icons\privinterface.gif
C:\Program Files\Sandcastle\Presentation\vs2005\icons\privmethod.gif -&gt; C:\DMBDeveloperShare\CommonComponents\New wrapper\Help\Working\Output\HtmlHelp1\icons\privmethod.gif
C:\Program Files\Sandcastle\Presentation\vs2005\icons\privproperty.gif -&gt; C:\DMBDeveloperShare\CommonComponents\New wrapper\Help\Working\Output\HtmlHelp1\icons\privproperty.gif
C:\Program Files\Sandcastle\Presentation\vs2005\icons\privstructure.gif -&gt; C:\DMBDeveloperShare\CommonComponents\New wrapper\Help\Working\Output\HtmlHelp1\icons\privstructure.gif
C:\Program Files\Sandcastle\Presentation\vs2005\icons\protclass.gif -&gt; C:\DMBDeveloperShare\CommonComponents\New wrapper\Help\Working\Output\HtmlHelp1\icons\protclass.gif
C:\Program Files\Sandcastle\Presentation\vs2005\icons\protdelegate.gif -&gt; C:\DMBDeveloperShare\CommonComponents\New wrapper\Help\Working\Output\HtmlHelp1\icons\protdelegate.gif
C:\Program Files\Sandcastle\Presentation\vs2005\icons\protenum.gif -&gt; C:\DMBDeveloperShare\CommonComponents\New wrapper\Help\Working\Output\HtmlHelp1\icons\protenum.gif
C:\Program Files\Sandcastle\Presentation\vs2005\icons\protenumeration.gif -&gt; C:\DMBDeveloperShare\CommonComponents\New wrapper\Help\Working\Output\HtmlHelp1\icons\protenumeration.gif
C:\Program Files\Sandcastle\Presentation\vs2005\icons\protevent.gif -&gt; C:\DMBDeveloperShare\CommonComponents\New wrapper\Help\Working\Output\HtmlHelp1\icons\protevent.gif
C:\Program Files\Sandcastle\Presentation\vs2005\icons\protextension.gif -&gt; C:\DMBDeveloperShare\CommonComponents\New wrapper\Help\Working\Output\HtmlHelp1\icons\protextension.gif
C:\Program Files\Sandcastle\Presentation\vs2005\icons\protfield.gif -&gt; C:\DMBDeveloperShare\CommonComponents\New wrapper\Help\Working\Output\HtmlHelp1\icons\protfield.gif
C:\Program Files\Sandcastle\Presentation\vs2005\icons\protinterface.gif -&gt; C:\DMBDeveloperShare\CommonComponents\New wrapper\Help\Working\Output\HtmlHelp1\icons\protinterface.gif
C:\Program Files\Sandcastle\Presentation\vs2005\icons\protmethod.gif -&gt; C:\DMBDeveloperShare\CommonComponents\New wrapper\Help\Working\Output\HtmlHelp1\icons\protmethod.gif
C:\Program Files\Sandcastle\Presentation\vs2005\icons\protoperator.gif -&gt; C:\DMBDeveloperShare\CommonComponents\New wrapper\Help\Working\Output\HtmlHelp1\icons\protoperator.gif
C:\Program Files\Sandcastle\Presentation\vs2005\icons\protproperty.gif -&gt; C:\DMBDeveloperShare\CommonComponents\New wrapper\Help\Working\Output\HtmlHelp1\icons\protproperty.gif
C:\Program Files\Sandcastle\Presentation\vs2005\icons\protstructure.gif -&gt; C:\DMBDeveloperShare\CommonComponents\New wrapper\Help\Working\Output\HtmlHelp1\icons\protstructure.gif
C:\Program Files\Sandcastle\Presentation\vs2005\icons\pubclass.gif -&gt; C:\DMBDeveloperShare\CommonComponents\New wrapper\Help\Working\Output\HtmlHelp1\icons\pubclass.gif
C:\Program Files\Sandcastle\Presentation\vs2005\icons\pubdelegate.gif -&gt; C:\DMBDeveloperShare\CommonComponents\New wrapper\Help\Working\Output\HtmlHelp1\icons\pubdelegate.gif
C:\Program Files\Sandcastle\Presentation\vs2005\icons\pubenum.gif -&gt; C:\DMBDeveloperShare\CommonComponents\New wrapper\Help\Working\Output\HtmlHelp1\icons\pubenum.gif
C:\Program Files\Sandcastle\Presentation\vs2005\icons\pubenumeration.gif -&gt; C:\DMBDeveloperShare\CommonComponents\New wrapper\Help\Working\Output\HtmlHelp1\icons\pubenumeration.gif
C:\Program Files\Sandcastle\Presentation\vs2005\icons\pubevent.gif -&gt; C:\DMBDeveloperShare\CommonComponents\New wrapper\Help\Working\Output\HtmlHelp1\icons\pubevent.gif
C:\Program Files\Sandcastle\Presentation\vs2005\icons\pubextension.gif -&gt; C:\DMBDeveloperShare\CommonComponents\New wrapper\Help\Working\Output\HtmlHelp1\icons\pubextension.gif
C:\Program Files\Sandcastle\Presentation\vs2005\icons\pubfield.gif -&gt; C:\DMBDeveloperShare\CommonComponents\New wrapper\Help\Working\Output\HtmlHelp1\icons\pubfield.gif
C:\Program Files\Sandcastle\Presentation\vs2005\icons\pubinterface.gif -&gt; C:\DMBDeveloperShare\CommonComponents\New wrapper\Help\Working\Output\HtmlHelp1\icons\pubinterface.gif
C:\Program Files\Sandcastle\Presentation\vs2005\icons\pubmethod.gif -&gt; C:\DMBDeveloperShare\CommonComponents\New wrapper\Help\Working\Output\HtmlHelp1\icons\pubmethod.gif
C:\Program Files\Sandcastle\Presentation\vs2005\icons\puboperator.gif -&gt; C:\DMBDeveloperShare\CommonComponents\New wrapper\Help\Working\Output\HtmlHelp1\icons\puboperator.gif
C:\Program Files\Sandcastle\Presentation\vs2005\icons\pubproperty.gif -&gt; C:\DMBDeveloperShare\CommonComponents\New wrapper\Help\Working\Output\HtmlHelp1\icons\pubproperty.gif
C:\Program Files\Sandcastle\Presentation\vs2005\icons\pubstructure.gif -&gt; C:\DMBDeveloperShare\CommonComponents\New wrapper\Help\Working\Output\HtmlHelp1\icons\pubstructure.gif
C:\Program Files\Sandcastle\Presentation\vs2005\icons\requirements1a.gif -&gt; C:\DMBDeveloperShare\CommonComponents\New wrapper\Help\Working\Output\HtmlHelp1\icons\requirements1a.gif
C:\Program Files\Sandcastle\Presentation\vs2005\icons\requirements1c.gif -&gt; C:\DMBDeveloperShare\CommonComponents\New wrapper\Help\Working\Output\HtmlHelp1\icons\requirements1c.gif
C:\Program Files\Sandcastle\Presentation\vs2005\icons\save.gif -&gt; C:\DMBDeveloperShare\CommonComponents\New wrapper\Help\Working\Output\HtmlHelp1\icons\save.gif
C:\Program Files\Sandcastle\Presentation\vs2005\icons\save_hover.gif -&gt; C:\DMBDeveloperShare\CommonComponents\New wrapper\Help\Working\Output\HtmlHelp1\icons\save_hover.gif
C:\Program Files\Sandcastle\Presentation\vs2005\icons\security.gif -&gt; C:\DMBDeveloperShare\CommonComponents\New wrapper\Help\Working\Output\HtmlHelp1\icons\security.gif
C:\Program Files\Sandcastle\Presentation\vs2005\icons\seealso1a.gif -&gt; C:\DMBDeveloperShare\CommonComponents\New wrapper\Help\Working\Output\HtmlHelp1\icons\seealso1a.gif
C:\Program Files\Sandcastle\Presentation\vs2005\icons\seealso1c.gif -&gt; C:\DMBDeveloperShare\CommonComponents\New wrapper\Help\Working\Output\HtmlHelp1\icons\seealso1c.gif
C:\Program Files\Sandcastle\Presentation\vs2005\icons\slMobile.gif -&gt; C:\DMBDeveloperShare\CommonComponents\New wrapper\Help\Working\Output\HtmlHelp1\icons\slMobile.gif
C:\Program Files\Sandcastle\Presentation\vs2005\icons\static.gif -&gt; C:\DMBDeveloperShare\CommonComponents\New wrapper\Help\Working\Output\HtmlHelp1\icons\static.gif
C:\Program Files\Sandcastle\Presentation\vs2005\icons\xna.gif -&gt; C:\DMBDeveloperShare\CommonComponents\New wrapper\Help\Working\Output\HtmlHelp1\icons\xna.gif
C:\Program Files\Sandcastle\Presentation\vs2005\scripts\CheckboxMenu.js -&gt; C:\DMBDeveloperShare\CommonComponents\New wrapper\Help\Working\Output\HtmlHelp1\scripts\CheckboxMenu.js
C:\Program Files\Sandcastle\Presentation\vs2005\scripts\CommonUtilities.js -&gt; C:\DMBDeveloperShare\CommonComponents\New wrapper\Help\Working\Output\HtmlHelp1\scripts\CommonUtilities.js
C:\Program Files\Sandcastle\Presentation\vs2005\scripts\Dropdown.js -&gt; C:\DMBDeveloperShare\CommonComponents\New wrapper\Help\Working\Output\HtmlHelp1\scripts\Dropdown.js
C:\Program Files\Sandcastle\Presentation\vs2005\scripts\EventUtilities.js -&gt; C:\DMBDeveloperShare\CommonComponents\New wrapper\Help\Working\Output\HtmlHelp1\scripts\EventUtilities.js
C:\Program Files\Sandcastle\Presentation\vs2005\scripts\script_feedBack.js -&gt; C:\DMBDeveloperShare\CommonComponents\New wrapper\Help\Working\Output\HtmlHelp1\scripts\script_feedBack.js
C:\Program Files\Sandcastle\Presentation\vs2005\scripts\script_manifold.js -&gt; C:\DMBDeveloperShare\CommonComponents\New wrapper\Help\Working\Output\HtmlHelp1\scripts\script_manifold.js
C:\Program Files\Sandcastle\Presentation\vs2005\scripts\SplitScreen.js -&gt; C:\DMBDeveloperShare\CommonComponents\New wrapper\Help\Working\Output\HtmlHelp1\scripts\SplitScreen.js
C:\Program Files\Sandcastle\Presentation\vs2005\styles\Presentation.css -&gt; C:\DMBDeveloperShare\CommonComponents\New wrapper\Help\Working\Output\HtmlHelp1\styles\Presentation.css
C:\Program Files\Sandcastle\Presentation\vs2005\styles\Whidbey\Presentation.css -&gt; C:\DMBDeveloperShare\CommonComponents\New wrapper\Help\Working\Output\HtmlHelp1\styles\Whidbey\Presentation.css
    Last step completed in 00:00:00.3438
</buildStep>
<buildStep step="CopyAdditionalContent">
Copying additional content files...
No additional content to copy
    Last step completed in 00:00:00.0000
</buildStep>
<buildStep step="MergeTablesOfContents">
Merging conceptual and additional tables of contents...
    Last step completed in 00:00:00.0000
</buildStep>
<buildStep step="GenerateIntermediateTableOfContents">
Generating intermediate table of contents file...
[c:\WINDOWS\Microsoft.NET\Framework\v4.0.30319\MSBuild.exe]
  XslTransform (v2.7.0.0)
  Copyright &#184; 2006-2012, Microsoft Corporation, All Rights Reserved
  Info: Applying XSL transformation &#39;C:\Program Files\Sandcastle\ProductionTransforms\CreateVSToc.xsl&#39;.
Generating conceptual content intermediate TOC file...
    Last step completed in 00:00:00.3594
</buildStep>
<buildStep step="CreateBuildAssemblerConfigs">
Creating Sandcastle configuration files...
    sandcastle.config
    Last step completed in 00:00:00.0625
</buildStep>
<buildStep step="MergeCustomConfigs">
Merging custom build component configurations
C:\DMBDeveloperShare\CommonComponents\New wrapper\Help\Working\sandcastle.config
    Last step completed in 00:00:00.0156
</buildStep>
<buildStep step="BuildReferenceTopics">
Building reference help topics...
[c:\WINDOWS\Microsoft.NET\Framework\v4.0.30319\MSBuild.exe]
  BuildAssembler (v2.7.0.0)
  Copyright &#184; 2006-2012, Microsoft Corporation, All Rights Reserved
  Info: CopyFromFileComponent: Instantiating component.
  Info: CopyFromFileComponent: Loading data file &#39;C:\Program Files\Sandcastle\Presentation\vs2005\Transforms\skeleton.xml&#39;.
  Info: CopyFromIndexComponent: Instantiating component.
  Info: CopyFromIndexComponent: Searching for files that match &#39;*.xml&#39; in &#39;C:\Program Files\Sandcastle\Data\Reflection&#39;.
  Info: CopyFromIndexComponent: Searching for files that match &#39;reflection.xml&#39;.
  Info: CopyFromIndexComponent: Indexed 194731 elements in 420 files.
  Info: CopyFromIndexComponent: Loaded 0 copy components.
  Info: CopyFromIndexComponent: Instantiating component.
  Info: CopyFromIndexComponent: Loaded 0 copy components.
  Info: ForEachComponent: Instantiating component.
  Info: ForEachComponent: Loading subcomponents.
  Info: CopyFromIndexComponent: Instantiating component.
  Info: CopyFromIndexComponent: Loaded 0 copy components.
  Info: ForEachComponent: Loaded 1 subcomponents.
  Info: ForEachComponent: Instantiating component.
  Info: ForEachComponent: Loading subcomponents.
  Info: CopyFromIndexComponent: Instantiating component.
  Info: CopyFromIndexComponent: Loaded 0 copy components.
  Info: ForEachComponent: Loaded 1 subcomponents.
  Info: ForEachComponent: Instantiating component.
  Info: ForEachComponent: Loading subcomponents.
  Info: CopyFromIndexComponent: Instantiating component.
  Info: CopyFromIndexComponent: Loaded 0 copy components.
  Info: ForEachComponent: Loaded 1 subcomponents.
  Info: ForEachComponent: Instantiating component.
  Info: ForEachComponent: Loading subcomponents.
  Info: CopyFromIndexComponent: Instantiating component.
  Info: CopyFromIndexComponent: Loaded 0 copy components.
  Info: ForEachComponent: Loaded 1 subcomponents.
  Info: ForEachComponent: Instantiating component.
  Info: ForEachComponent: Loading subcomponents.
  Info: CopyFromIndexComponent: Instantiating component.
  Info: CopyFromIndexComponent: Loaded 0 copy components.
  Info: ForEachComponent: Loaded 1 subcomponents.
  Info: ForEachComponent: Instantiating component.
  Info: ForEachComponent: Loading subcomponents.
  Info: CopyFromIndexComponent: Instantiating component.
  Info: CopyFromIndexComponent: Loaded 0 copy components.
  Info: ForEachComponent: Loaded 1 subcomponents.
  Info: ForEachComponent: Instantiating component.
  Info: ForEachComponent: Loading subcomponents.
  Info: CopyFromIndexComponent: Instantiating component.
  Info: CopyFromIndexComponent: Loaded 0 copy components.
  Info: ForEachComponent: Loaded 1 subcomponents.
  Info: IfThenComponent: Instantiating component.
  Info: SyntaxComponent: Instantiating component.
  Info: SyntaxComponent: Loaded 3 syntax generators.
  Info: CopyFromIndexComponent: Instantiating component.
  Info: CopyFromIndexComponent: Searching for files that match &#39;*.xml&#39; in &#39;C:\Program Files\Reference Assemblies\Microsoft\Framework\.NETFramework\v4.0&#39;.
  Info: CopyFromIndexComponent: Searching for files that match &#39;*.xml&#39; in &#39;C:\Program Files\Reference Assemblies\Microsoft\FSharp\2.0\Runtime\v4.0&#39;.
  Info: CopyFromIndexComponent: Searching for files that match &#39;C:\DMBDeveloperShare\CommonComponents\New wrapper\Help\Working\New Wrapper.XML&#39;.
  Info: CopyFromIndexComponent: Indexed 145431 elements in 128 files.
  Info: CopyFromIndexComponent: Loaded 0 copy components.
  Info: ForEachComponent: Instantiating component.
  Info: ForEachComponent: Loading subcomponents.
  Info: IfThenComponent: Instantiating component.
  Info: CopyFromIndexComponent: Instantiating component.
  Info: CopyFromIndexComponent: Loaded 0 copy components.
  Info: CopyFromIndexComponent: Instantiating component.
  Info: CopyFromIndexComponent: Loaded 0 copy components.
  Info: ForEachComponent: Loaded 2 subcomponents.
  Info: CopyFromIndexComponent: Instantiating component.
  Info: CopyFromIndexComponent: Loaded 0 copy components.
  Info: ShowMissingComponent: Instantiating component.
  Info: ShowMissingComponent: 
      [Sandcastle Help File Builder, version 1.9.4.0]
      Show Missing Documentation Component. Copyright &#184; 2006-2012, Eric Woodruff, All Rights Reserved
      http://SHFB.CodePlex.com
  Info: VersionInfoComponent: Instantiating component.
  Info: VersionInfoComponent: 
      [Sandcastle Help File Builder, version 1.9.4.0]
      Version Information Component. Copyright &#184; 2006-2012, Eric Woodruff, All Rights Reserved
      http://SHFB.CodePlex.com
  Info: CodeBlockComponent: Instantiating component.
  Info: CodeBlockComponent: 
      [Sandcastle Help File Builder, version 1.9.4.0]
      Code Block Component. Copyright &#184; 2006-2012, Eric Woodruff, All Rights Reserved.
      Portions copyright (c) 2003, Jonathan de Halleux, All rights reserved.
      http://SHFB.CodePlex.com
  Info: TransformComponent: Instantiating component.
  Info: PostTransformComponent: Instantiating component.
  Info: PostTransformComponent: 
      [Sandcastle Help File Builder, version 1.9.4.0]
      Post-Transform Component. Copyright &#184; 2006-2012, Eric Woodruff, All Rights Reserved
      http://SHFB.CodePlex.com
  Info: MultiFormatOutputComponent: Instantiating component.
  Info: MultiFormatOutputComponent: 
      [Sandcastle Help File Builder, version 1.9.4.0]
      Multi-Format Output Component. Copyright &#184; 2006-2012, Eric Woodruff, All Rights Reserved
      http://SHFB.CodePlex.com
  Info: MultiFormatOutputComponent: Loading components for HtmlHelp1 format
  Info: SharedContentComponent: Instantiating component.
  Info: SharedContentComponent: Searching for files that match &#39;C:\Program Files\Sandcastle\Presentation\vs2005\content\shared_content.xml&#39;.
  Info: SharedContentComponent: Loading shared content file &#39;C:\Program Files\Sandcastle\Presentation\vs2005\content\shared_content.xml&#39;.
  Info: SharedContentComponent: Found 1 files in C:\Program Files\Sandcastle\Presentation\vs2005\content\shared_content.xml.
  Info: SharedContentComponent: Searching for files that match &#39;C:\Program Files\Sandcastle\Presentation\vs2005\content\reference_content.xml&#39;.
  Info: SharedContentComponent: Loading shared content file &#39;C:\Program Files\Sandcastle\Presentation\vs2005\content\reference_content.xml&#39;.
  Info: SharedContentComponent: Found 1 files in C:\Program Files\Sandcastle\Presentation\vs2005\content\reference_content.xml.
  Info: SharedContentComponent: Searching for files that match &#39;C:\Program Files\Sandcastle\Presentation\shared\content\syntax_content.xml&#39;.
  Info: SharedContentComponent: Loading shared content file &#39;C:\Program Files\Sandcastle\Presentation\shared\content\syntax_content.xml&#39;.
  Info: SharedContentComponent: Found 1 files in C:\Program Files\Sandcastle\Presentation\shared\content\syntax_content.xml.
  Info: SharedContentComponent: Searching for files that match &#39;C:\Program Files\Sandcastle\Presentation\vs2005\content\feedback_content.xml&#39;.
  Info: SharedContentComponent: Loading shared content file &#39;C:\Program Files\Sandcastle\Presentation\vs2005\content\feedBack_content.xml&#39;.
  Info: SharedContentComponent: Found 1 files in C:\Program Files\Sandcastle\Presentation\vs2005\content\feedback_content.xml.
  Info: SharedContentComponent: Searching for files that match &#39;SharedBuilderContent.xml&#39;.
  Info: SharedContentComponent: Loading shared content file &#39;C:\DMBDeveloperShare\CommonComponents\New wrapper\Help\Working\SharedBuilderContent.xml&#39;.
  Info: SharedContentComponent: Overriding shared content item &#39;roottopictitle&#39; with value in file &#39;C:\DMBDeveloperShare\CommonComponents\New wrapper\Help\Working\SharedBuilderContent.xml&#39;.
  Info: SharedContentComponent: Overriding shared content item &#39;runningheadertext&#39; with value in file &#39;C:\DMBDeveloperShare\CommonComponents\New wrapper\Help\Working\SharedBuilderContent.xml&#39;.
  Info: SharedContentComponent: Overriding shared content item &#39;locationinformation&#39; with value in file &#39;C:\DMBDeveloperShare\CommonComponents\New wrapper\Help\Working\SharedBuilderContent.xml&#39;.
  Info: SharedContentComponent: Overriding shared content item &#39;assemblynameandmodule&#39; with value in file &#39;C:\DMBDeveloperShare\CommonComponents\New wrapper\Help\Working\SharedBuilderContent.xml&#39;.
  Info: SharedContentComponent: Overriding shared content item &#39;copycode&#39; with value in file &#39;C:\DMBDeveloperShare\CommonComponents\New wrapper\Help\Working\SharedBuilderContent.xml&#39;.
  Info: SharedContentComponent: Overriding shared content item &#39;locale&#39; with value in file &#39;C:\DMBDeveloperShare\CommonComponents\New wrapper\Help\Working\SharedBuilderContent.xml&#39;.
  Info: SharedContentComponent: Found 1 files in SharedBuilderContent.xml.
  Info: SharedContentComponent: Searching for files that match &#39;PresentationStyleBuilderContent.xml&#39;.
  Info: SharedContentComponent: Loading shared content file &#39;C:\DMBDeveloperShare\CommonComponents\New wrapper\Help\Working\PresentationStyleBuilderContent.xml&#39;.
  Info: SharedContentComponent: Overriding shared content item &#39;header&#39; with value in file &#39;C:\DMBDeveloperShare\CommonComponents\New wrapper\Help\Working\PresentationStyleBuilderContent.xml&#39;.
  Info: SharedContentComponent: Overriding shared content item &#39;footer&#39; with value in file &#39;C:\DMBDeveloperShare\CommonComponents\New wrapper\Help\Working\PresentationStyleBuilderContent.xml&#39;.
  Info: SharedContentComponent: Overriding shared content item &#39;fb_alias&#39; with value in file &#39;C:\DMBDeveloperShare\CommonComponents\New wrapper\Help\Working\PresentationStyleBuilderContent.xml&#39;.
  Info: SharedContentComponent: Overriding shared content item &#39;fb_product&#39; with value in file &#39;C:\DMBDeveloperShare\CommonComponents\New wrapper\Help\Working\PresentationStyleBuilderContent.xml&#39;.
  Info: SharedContentComponent: Overriding shared content item &#39;fb_body&#39; with value in file &#39;C:\DMBDeveloperShare\CommonComponents\New wrapper\Help\Working\PresentationStyleBuilderContent.xml&#39;.
  Info: SharedContentComponent: Overriding shared content item &#39;fb_send&#39; with value in file &#39;C:\DMBDeveloperShare\CommonComponents\New wrapper\Help\Working\PresentationStyleBuilderContent.xml&#39;.
  Info: SharedContentComponent: Overriding shared content item &#39;fb_headerfeedback&#39; with value in file &#39;C:\DMBDeveloperShare\CommonComponents\New wrapper\Help\Working\PresentationStyleBuilderContent.xml&#39;.
  Info: SharedContentComponent: Overriding shared content item &#39;feedback_alias&#39; with value in file &#39;C:\DMBDeveloperShare\CommonComponents\New wrapper\Help\Working\PresentationStyleBuilderContent.xml&#39;.
  Info: SharedContentComponent: Overriding shared content item &#39;feedback_product&#39; with value in file &#39;C:\DMBDeveloperShare\CommonComponents\New wrapper\Help\Working\PresentationStyleBuilderContent.xml&#39;.
  Info: SharedContentComponent: Overriding shared content item &#39;feedback_body&#39; with value in file &#39;C:\DMBDeveloperShare\CommonComponents\New wrapper\Help\Working\PresentationStyleBuilderContent.xml&#39;.
  Info: SharedContentComponent: Found 1 files in PresentationStyleBuilderContent.xml.
  Info: SharedContentComponent: Loaded 641 shared content items.
  Info: ResolveConceptualLinksComponent: Instantiating component.
  Info: ResolveConceptualLinksComponent: Collected 1 targets directories.
  Info: ResolveReferenceLinksComponent2: Instantiating component.
  Info: ResolveReferenceLinksComponent2: Creating MSDN URL resolver.
  Info: ResolveReferenceLinksComponent2: Searching directory &#39;C:\Program Files\Sandcastle\Data\Reflection&#39; for targets files of the form &#39;*.xml&#39;.
  Info: ResolveReferenceLinksComponent2: Searching directory &#39;C:\DMBDeveloperShare\CommonComponents\New wrapper\Help\Working&#39; for targets files of the form &#39;reflection.xml&#39;.
  Info: ResolveReferenceLinksComponent2: Loaded 194731 reference targets.
  Info: SaveComponent: Instantiating component.
  Info: BuildAssembler: Building topic N:New_Wrapper
  Warn: ShowMissingComponent: Missing &lt;summary&gt; documentation for N:New_Wrapper
  Info: BuildAssembler: Building topic T:New_Wrapper.DataHandler
  Info: BuildAssembler: Building topic AllMembers.T:New_Wrapper.DataHandler
  Info: BuildAssembler: Building topic Methods.T:New_Wrapper.DataHandler
  Info: BuildAssembler: Building topic Properties.T:New_Wrapper.DataHandler
  Info: BuildAssembler: Building topic Overload:New_Wrapper.DataHandler.#ctor
  Info: BuildAssembler: Building topic Overload:New_Wrapper.DataHandler.CreateDataset
  Info: BuildAssembler: Building topic Overload:New_Wrapper.DataHandler.DeleteData
  Info: BuildAssembler: Building topic Overload:New_Wrapper.DataHandler.GetDataSet
  Info: BuildAssembler: Building topic Overload:New_Wrapper.DataHandler.InsertData
  Info: BuildAssembler: Building topic Overload:New_Wrapper.DataHandler.UpdateData
  Info: BuildAssembler: Building topic M:New_Wrapper.DataHandler.#ctor
  Info: BuildAssembler: Building topic M:New_Wrapper.DataHandler.#ctor(System.String,System.String)
  Info: BuildAssembler: Building topic M:New_Wrapper.DataHandler.#ctor(System.String,System.String,System.String)
  Info: BuildAssembler: Building topic M:New_Wrapper.DataHandler.CreateDataset
  Info: BuildAssembler: Building topic M:New_Wrapper.DataHandler.CreateDataset(System.String[])
  Info: BuildAssembler: Building topic M:New_Wrapper.DataHandler.DeleteData(System.String,System.String)
  Info: BuildAssembler: Building topic M:New_Wrapper.DataHandler.DeleteData(System.String,System.String,System.String)
  Info: BuildAssembler: Building topic M:New_Wrapper.DataHandler.GetDataSet(System.String,System.String)
  Warn: ShowMissingComponent: Missing &lt;returns&gt; documentation for M:New_Wrapper.DataHandler.GetDataSet(System.String,System.String)
  Warn: ShowMissingComponent: Missing &lt;param name=&quot;getDataQuery&quot;/&gt; documentation for M:New_Wrapper.DataHandler.GetDataSet(System.String,System.String)
  Info: BuildAssembler: Building topic M:New_Wrapper.DataHandler.GetDataSet(System.String,System.String,System.String)
  Warn: ShowMissingComponent: Missing &lt;returns&gt; documentation for M:New_Wrapper.DataHandler.GetDataSet(System.String,System.String,System.String)
  Warn: ShowMissingComponent: Missing &lt;param name=&quot;getDataQuery&quot;/&gt; documentation for M:New_Wrapper.DataHandler.GetDataSet(System.String,System.String,System.String)
  Info: BuildAssembler: Building topic M:New_Wrapper.DataHandler.InsertData(System.String,System.String)
  Info: BuildAssembler: Building topic M:New_Wrapper.DataHandler.InsertData(System.String,System.String,System.String)
  Info: BuildAssembler: Building topic P:New_Wrapper.DataHandler.localAdapter
  Info: BuildAssembler: Building topic M:New_Wrapper.DataHandler.UpdateData(System.String,System.String)
  Warn: ShowMissingComponent: Missing &lt;param name=&quot;updateQuery&quot;/&gt; documentation for M:New_Wrapper.DataHandler.UpdateData(System.String,System.String)
  Info: BuildAssembler: Building topic M:New_Wrapper.DataHandler.UpdateData(System.String,System.String,System.String)
  Warn: ShowMissingComponent: Missing &lt;param name=&quot;updateQuery&quot;/&gt; documentation for M:New_Wrapper.DataHandler.UpdateData(System.String,System.String,System.String)
  Info: BuildAssembler: Building topic M:New_Wrapper.DataHandler.UpdateDataset(System.Data.DataSet)
  Info: BuildAssembler: Building topic T:New_Wrapper.MultiTableHandler
  Info: BuildAssembler: Building topic AllMembers.T:New_Wrapper.MultiTableHandler
  Info: BuildAssembler: Building topic Methods.T:New_Wrapper.MultiTableHandler
  Info: BuildAssembler: Building topic Properties.T:New_Wrapper.MultiTableHandler
  Info: BuildAssembler: Building topic Overload:New_Wrapper.MultiTableHandler.UpdateData
  Info: BuildAssembler: Building topic Overload:New_Wrapper.MultiTableHandler.#ctor
  Info: BuildAssembler: Building topic Overload:New_Wrapper.MultiTableHandler.AddTableToDataset
  Info: BuildAssembler: Building topic Overload:New_Wrapper.MultiTableHandler.connectToData
  Info: BuildAssembler: Building topic M:New_Wrapper.MultiTableHandler.#ctor
  Info: BuildAssembler: Building topic M:New_Wrapper.MultiTableHandler.#ctor(System.String[0:,0:],System.String)
  Info: BuildAssembler: Building topic M:New_Wrapper.MultiTableHandler.#ctor(System.String[0:,0:],System.String,System.String)
  Info: BuildAssembler: Building topic M:New_Wrapper.MultiTableHandler.AddTableToDataset(System.Data.DataSet@,System.String)
  Info: BuildAssembler: Building topic M:New_Wrapper.MultiTableHandler.AddTableToDataset(System.Data.DataSet@,System.String,System.String,System.String)
  Info: BuildAssembler: Building topic M:New_Wrapper.MultiTableHandler.connectToData
  Info: BuildAssembler: Building topic M:New_Wrapper.MultiTableHandler.connectToData(System.String[0:,0:],System.String)
  Info: BuildAssembler: Building topic M:New_Wrapper.MultiTableHandler.connectToData(System.String[0:,0:],System.String,System.String)
  Info: BuildAssembler: Building topic P:New_Wrapper.MultiTableHandler.providerString
  Info: BuildAssembler: Building topic P:New_Wrapper.MultiTableHandler.selectQueries
  Info: BuildAssembler: Building topic P:New_Wrapper.MultiTableHandler.sourceData
  Info: BuildAssembler: Building topic M:New_Wrapper.MultiTableHandler.UpdateData(System.String)
  Info: Processed 46 topics
    Last step completed in 00:00:41.2031
</buildStep>
<buildStep step="CombiningIntermediateTocFiles">
Combining conceptual and API intermediate TOC files...
    Last step completed in 00:00:00.0156
</buildStep>
<buildStep step="ExtractingHtmlInfo">
Extracting HTML info for HTML Help 1 and/or website...
[c:\WINDOWS\Microsoft.NET\Framework\v4.0.30319\MSBuild.exe]
Sandcastle Help File Builder, version 1.9.4.0
Copyright &#184; 2006-2012, Eric Woodruff, All Rights Reserved
E-Mail: Eric@EWoodruff.us

Using LCID &#39;1033&#39;, code page &#39;65001&#39;, encoding charset &#39;UTF-8&#39;.

Processing Help 1 files in C:\DMBDeveloperShare\CommonComponents\New wrapper\Help\Working\Output\HtmlHelp1
Processed 46 HTML files
Sorting keywords and generating See Also indices
Saving HTML Help 1 keyword index to C:\DMBDeveloperShare\CommonComponents\New wrapper\Help\Working\Documentation.hhk
Saving HTML Help 1 table of contents to C:\DMBDeveloperShare\CommonComponents\New wrapper\Help\Working\Documentation.hhc
    Last step completed in 00:00:00.3438
</buildStep>
<buildStep step="GenerateHelpFormatTableOfContents">
Generating HTML Help 1 table of contents file...
    Last step completed in 00:00:00.0000
</buildStep>
<buildStep step="GenerateHelpFileIndex">
Generating HTML Help 1 index file...
    Last step completed in 00:00:00.0156
</buildStep>
<buildStep step="GenerateHelpProject">
Generating HTML Help 1 project file...
    Last step completed in 00:00:00.0000
</buildStep>
<buildStep step="CompilingHelpFile">
Compiling HTML Help 1 file...
[c:\WINDOWS\Microsoft.NET\Framework\v4.0.30319\MSBuild.exe]
  Microsoft HTML Help Compiler 4.74.8702
  
  
  
  Compiling c:\DMBDeveloperShare\CommonComponents\New wrapper\Help\Working\Output\HtmlHelp1\Documentation.chm
  
  
  
  
  
  Compile time: 0 minutes, 2 seconds
  
  48	Topics
  
  544	Local links
  
  289	Internet links
  
  0	Graphics
  
  
  
  
  
  Created c:\DMBDeveloperShare\CommonComponents\New wrapper\Help\Working\Output\HtmlHelp1\Documentation.chm, 155,817 bytes
  
  Compression decreased file by 660,067 bytes.
  
    Last step completed in 00:00:02.8438
</buildStep>
<buildStep step="CleanIntermediates">
Removing intermediate files...
    Last step completed in 00:00:00.1719
</buildStep>
<buildStep step="Completed">

Build completed successfully at 03/17/2014 11:12 AM.  Total time: 00:00:47.7188

</buildStep>
</shfbBuild>
